<?xml version="1.0" encoding="UTF-8"?>
<!-- Generated by org.testng.reporters.JUnitReportReporter -->
<testsuite skipped="0" hostname="LAPTOP-NL02LEQS" name="TestNg.BasicTestNg" tests="1" failures="0" timestamp="29 Apr 2020 15:29:18 GMT" time="0.014" errors="0">
  <testcase name="login" time="0.014" classname="TestNg.BasicTestNg"/>
</testsuite> <!-- TestNg.BasicTestNg -->
