<?xml version="1.0" encoding="UTF-8"?>
<!-- Generated by org.testng.reporters.JUnitReportReporter -->
<testsuite skipped="0" hostname="LAPTOP-NL02LEQS" name="com.traveltek.BasePack.TestBase" tests="1" failures="0" timestamp="08 May 2020 13:43:04 GMT" time="0.020" errors="0">
  <testcase name="InitilizeFrameWork" time="0.020" classname="com.traveltek.BasePack.TestBase"/>
</testsuite> <!-- com.traveltek.BasePack.TestBase -->
