<?xml version="1.0" encoding="UTF-8"?>
<!-- Generated by org.testng.reporters.JUnitReportReporter -->
<testsuite skipped="0" hostname="LAPTOP-NL02LEQS" name="com.traveltek.TestCases.SampleGet" tests="3" failures="0" timestamp="12 May 2020 16:30:50 GMT" time="0.530" errors="0">
  <testcase name="verifyStatusCode" time="0.020" classname="com.traveltek.TestCases.SampleGet"/>
  <testcase name="checkBody" time="0.509" classname="com.traveltek.TestCases.SampleGet"/>
  <testcase name="check_responseTime" time="0.001" classname="com.traveltek.TestCases.SampleGet"/>
</testsuite> <!-- com.traveltek.TestCases.SampleGet -->
