<?xml version="1.0" encoding="UTF-8"?>
<!-- Generated by org.testng.reporters.JUnitReportReporter -->
<testsuite skipped="0" hostname="LAPTOP-NL02LEQS" name="TestNg.TestClass" tests="1" failures="0" timestamp="08 May 2020 21:59:08 GMT" time="0.008" errors="0">
  <testcase name="testmethod" time="0.008" classname="TestNg.TestClass"/>
</testsuite> <!-- TestNg.TestClass -->
