<?xml version="1.0" encoding="UTF-8"?>
<!-- Generated by org.testng.reporters.JUnitReportReporter -->
<testsuite skipped="0" hostname="LAPTOP-NL02LEQS" name="TestNg.SampleRequest" tests="1" failures="0" timestamp="11 May 2020 14:27:14 GMT" time="3.432" errors="0">
  <testcase name="getrequest" time="3.432" classname="TestNg.SampleRequest"/>
</testsuite> <!-- TestNg.SampleRequest -->
