<?xml version="1.0" encoding="UTF-8"?>
<!-- Generated by org.testng.reporters.JUnitReportReporter -->
<testsuite skipped="0" hostname="LAPTOP-NL02LEQS" name="TestNg.GetRequest" tests="1" failures="0" timestamp="05 May 2020 13:48:46 GMT" time="3.181" errors="0">
  <testcase name="testgetAPI" time="3.181" classname="TestNg.GetRequest"/>
</testsuite> <!-- TestNg.GetRequest -->
